Arguments: 
  /usr/local/bin/node /usr/local/bin/yarn add @openzeppelin-contracts

PATH: 
  /Library/Frameworks/Python.framework/Versions/3.11/bin:/opt/homebrew/bin:/opt/homebrew/sbin:/usr/local/bin:/System/Cryptexes/App/usr/bin:/usr/bin:/bin:/usr/sbin:/sbin:/Library/Frameworks/Python.framework/Versions/3.11/bin:/opt/homebrew/bin:/opt/homebrew/sbin:/Users/terrrancrypt/.cargo/bin:/Users/terrrancrypt/.foundry/bin

Yarn version: 
  1.22.19

Node version: 
  20.6.1

Platform: 
  darwin arm64

Trace: 
  Error: https://registry.yarnpkg.com/@openzeppelin-contracts: Request "https://registry.yarnpkg.com/@openzeppelin-contracts" returned a 405
      at params.callback [as _callback] (/usr/local/lib/node_modules/yarn/lib/cli.js:66154:18)
      at self.callback (/usr/local/lib/node_modules/yarn/lib/cli.js:140890:22)
      at Request.emit (node:events:514:28)
      at Request.<anonymous> (/usr/local/lib/node_modules/yarn/lib/cli.js:141862:10)
      at Request.emit (node:events:514:28)
      at IncomingMessage.<anonymous> (/usr/local/lib/node_modules/yarn/lib/cli.js:141784:12)
      at Object.onceWrapper (node:events:628:28)
      at IncomingMessage.emit (node:events:526:35)
      at endReadableNT (node:internal/streams/readable:1376:12)
      at process.processTicksAndRejections (node:internal/process/task_queues:82:21)

npm manifest: 
  {
    "name": "hardhat-project",
    "devDependencies": {
      "@nomicfoundation/hardhat-toolbox": "^3.0.0",
      "hardhat": "^2.17.4"
    }
  }

yarn manifest: 
  No manifest

Lockfile: 
  No lockfile
